CRITICAL - 2020-05-20 07:45:19 --> Call to undefined method Arifrh\Themes\Themes::setTitle()
#0 D:\wamp64\www\personal\composer\packages\diginiq-starter\diginiq-app\vendor\codeigniter4\framework\system\CodeIgniter.php(914): App\Controllers\Auth->login()
#1 D:\wamp64\www\personal\composer\packages\diginiq-starter\diginiq-app\vendor\codeigniter4\framework\system\CodeIgniter.php(400): CodeIgniter\CodeIgniter->runController(Object(App\Controllers\Auth))
#2 D:\wamp64\www\personal\composer\packages\diginiq-starter\diginiq-app\vendor\codeigniter4\framework\system\CodeIgniter.php(308): CodeIgniter\CodeIgniter->handleRequest(NULL, Object(Config\Cache), false)
#3 D:\wamp64\www\personal\composer\packages\diginiq-starter\htdocs\public\index.php(45): CodeIgniter\CodeIgniter->run()
#4 {main}
CRITICAL - 2020-05-20 08:46:15 --> Cannot declare class Config\Themes because the name is already in use
#0 [internal function]: CodeIgniter\Debug\Exceptions->shutdownHandler()
#1 {main}
CRITICAL - 2020-05-20 08:47:35 --> Cannot declare class Config\Themes because the name is already in use
#0 [internal function]: CodeIgniter\Debug\Exceptions->shutdownHandler()
#1 {main}
CRITICAL - 2020-05-20 08:48:58 --> Could not find template view file: "index".
#0 D:\wamp64\www\personal\composer\packages\diginiq-starter\diginiq-app\vendor\arif-rh\ci4-themes\src\Themes.php(406): Arifrh\Themes\Exceptions\ThemesException::forMissingTemplateView('index')
#1 D:\wamp64\www\personal\composer\packages\diginiq-starter\diginiq-app\app\Controllers\Auth.php(147): Arifrh\Themes\Themes::render('auth/reset-requ...')
#2 D:\wamp64\www\personal\composer\packages\diginiq-starter\diginiq-app\vendor\codeigniter4\framework\system\CodeIgniter.php(914): App\Controllers\Auth->requestReset()
#3 D:\wamp64\www\personal\composer\packages\diginiq-starter\diginiq-app\vendor\codeigniter4\framework\system\CodeIgniter.php(400): CodeIgniter\CodeIgniter->runController(Object(App\Controllers\Auth))
#4 D:\wamp64\www\personal\composer\packages\diginiq-starter\diginiq-app\vendor\codeigniter4\framework\system\CodeIgniter.php(308): CodeIgniter\CodeIgniter->handleRequest(NULL, Object(Config\Cache), false)
#5 D:\wamp64\www\personal\composer\packages\diginiq-starter\htdocs\public\index.php(45): CodeIgniter\CodeIgniter->run()
#6 {main}
